<?xml version="1.0" encoding="UTF-8"?>
<!-- Generated by org.testng.reporters.JUnitXMLReporter -->
<testsuite hostname="KFT-TECH-18" ignored="0" name="LoginFromFileInput" tests="10" failures="9" timestamp="31 May 2019 07:36:18 GMT" time="41.057" errors="0">
  <testcase name="login" time="3.662" classname="TestCases.LoginDataProvider">
    <failure type="java.lang.AssertionError" message="expected [http://devops-deve.kifiya.et:8082/mfs-admin/dashboard?loggedInUserName=mfs&amp;amp;appicationVersion=Build+Version%3A+1.1.0] but found [http://devops-deve.kifiya.et:8082/mfs-admin/]">
      <![CDATA[java.lang.AssertionError: expected [http://devops-deve.kifiya.et:8082/mfs-admin/dashboard?loggedInUserName=mfs&appicationVersion=Build+Version%3A+1.1.0] but found [http://devops-deve.kifiya.et:8082/mfs-admin/]
at TestCases.LoginDataProvider.login(LoginDataProvider.java:57)
... Removed 31 stack frames]]>
    </failure>
  </testcase> <!-- login -->
  <testcase name="login" time="3.225" classname="TestCases.LoginDataProvider">
    <failure type="java.lang.AssertionError" message="expected [http://devops-deve.kifiya.et:8082/mfs-admin/dashboard?loggedInUserName=mfs&amp;amp;appicationVersion=Build+Version%3A+1.1.0] but found [http://devops-deve.kifiya.et:8082/mfs-admin/]">
      <![CDATA[java.lang.AssertionError: expected [http://devops-deve.kifiya.et:8082/mfs-admin/dashboard?loggedInUserName=mfs&appicationVersion=Build+Version%3A+1.1.0] but found [http://devops-deve.kifiya.et:8082/mfs-admin/]
at TestCases.LoginDataProvider.login(LoginDataProvider.java:57)
... Removed 31 stack frames]]>
    </failure>
  </testcase> <!-- login -->
  <testcase name="login" time="2.436" classname="TestCases.LoginDataProvider">
    <failure type="java.lang.AssertionError" message="expected [http://devops-deve.kifiya.et:8082/mfs-admin/dashboard?loggedInUserName=mfs&amp;amp;appicationVersion=Build+Version%3A+1.1.0] but found [http://devops-deve.kifiya.et:8082/mfs-admin/]">
      <![CDATA[java.lang.AssertionError: expected [http://devops-deve.kifiya.et:8082/mfs-admin/dashboard?loggedInUserName=mfs&appicationVersion=Build+Version%3A+1.1.0] but found [http://devops-deve.kifiya.et:8082/mfs-admin/]
at TestCases.LoginDataProvider.login(LoginDataProvider.java:57)
... Removed 31 stack frames]]>
    </failure>
  </testcase> <!-- login -->
  <testcase name="login" time="2.417" classname="TestCases.LoginDataProvider">
    <failure type="java.lang.AssertionError" message="expected [http://devops-deve.kifiya.et:8082/mfs-admin/dashboard?loggedInUserName=mfs&amp;amp;appicationVersion=Build+Version%3A+1.1.0] but found [http://devops-deve.kifiya.et:8082/mfs-admin/]">
      <![CDATA[java.lang.AssertionError: expected [http://devops-deve.kifiya.et:8082/mfs-admin/dashboard?loggedInUserName=mfs&appicationVersion=Build+Version%3A+1.1.0] but found [http://devops-deve.kifiya.et:8082/mfs-admin/]
at TestCases.LoginDataProvider.login(LoginDataProvider.java:57)
... Removed 31 stack frames]]>
    </failure>
  </testcase> <!-- login -->
  <testcase name="login" time="2.87" classname="TestCases.LoginDataProvider">
    <failure type="java.lang.AssertionError" message="expected [http://devops-deve.kifiya.et:8082/mfs-admin/dashboard?loggedInUserName=mfs&amp;amp;appicationVersion=Build+Version%3A+1.1.0] but found [http://devops-deve.kifiya.et:8082/mfs-admin/authenticate]">
      <![CDATA[java.lang.AssertionError: expected [http://devops-deve.kifiya.et:8082/mfs-admin/dashboard?loggedInUserName=mfs&appicationVersion=Build+Version%3A+1.1.0] but found [http://devops-deve.kifiya.et:8082/mfs-admin/authenticate]
at TestCases.LoginDataProvider.login(LoginDataProvider.java:57)
... Removed 31 stack frames]]>
    </failure>
  </testcase> <!-- login -->
  <testcase name="login" time="2.753" classname="TestCases.LoginDataProvider">
    <failure type="java.lang.AssertionError" message="expected [http://devops-deve.kifiya.et:8082/mfs-admin/dashboard?loggedInUserName=mfs&amp;amp;appicationVersion=Build+Version%3A+1.1.0] but found [http://devops-deve.kifiya.et:8082/mfs-admin/authenticate]">
      <![CDATA[java.lang.AssertionError: expected [http://devops-deve.kifiya.et:8082/mfs-admin/dashboard?loggedInUserName=mfs&appicationVersion=Build+Version%3A+1.1.0] but found [http://devops-deve.kifiya.et:8082/mfs-admin/authenticate]
at TestCases.LoginDataProvider.login(LoginDataProvider.java:57)
... Removed 31 stack frames]]>
    </failure>
  </testcase> <!-- login -->
  <testcase name="login" time="2.831" classname="TestCases.LoginDataProvider">
    <failure type="java.lang.AssertionError" message="expected [http://devops-deve.kifiya.et:8082/mfs-admin/dashboard?loggedInUserName=mfs&amp;amp;appicationVersion=Build+Version%3A+1.1.0] but found [http://devops-deve.kifiya.et:8082/mfs-admin/authenticate]">
      <![CDATA[java.lang.AssertionError: expected [http://devops-deve.kifiya.et:8082/mfs-admin/dashboard?loggedInUserName=mfs&appicationVersion=Build+Version%3A+1.1.0] but found [http://devops-deve.kifiya.et:8082/mfs-admin/authenticate]
at TestCases.LoginDataProvider.login(LoginDataProvider.java:57)
... Removed 31 stack frames]]>
    </failure>
  </testcase> <!-- login -->
  <testcase name="login" time="2.612" classname="TestCases.LoginDataProvider">
    <failure type="java.lang.AssertionError" message="expected [http://devops-deve.kifiya.et:8082/mfs-admin/dashboard?loggedInUserName=mfs&amp;amp;appicationVersion=Build+Version%3A+1.1.0] but found [http://devops-deve.kifiya.et:8082/mfs-admin/authenticate]">
      <![CDATA[java.lang.AssertionError: expected [http://devops-deve.kifiya.et:8082/mfs-admin/dashboard?loggedInUserName=mfs&appicationVersion=Build+Version%3A+1.1.0] but found [http://devops-deve.kifiya.et:8082/mfs-admin/authenticate]
at TestCases.LoginDataProvider.login(LoginDataProvider.java:57)
... Removed 31 stack frames]]>
    </failure>
  </testcase> <!-- login -->
  <testcase name="login" time="2.748" classname="TestCases.LoginDataProvider">
    <failure type="java.lang.AssertionError" message="expected [http://devops-deve.kifiya.et:8082/mfs-admin/dashboard?loggedInUserName=mfs&amp;amp;appicationVersion=Build+Version%3A+1.1.0] but found [http://devops-deve.kifiya.et:8082/mfs-admin/authenticate]">
      <![CDATA[java.lang.AssertionError: expected [http://devops-deve.kifiya.et:8082/mfs-admin/dashboard?loggedInUserName=mfs&appicationVersion=Build+Version%3A+1.1.0] but found [http://devops-deve.kifiya.et:8082/mfs-admin/authenticate]
at TestCases.LoginDataProvider.login(LoginDataProvider.java:57)
... Removed 31 stack frames]]>
    </failure>
  </testcase> <!-- login -->
  <testcase name="login" time="7.269" classname="TestCases.LoginDataProvider"/>
</testsuite> <!-- LoginFromFileInput -->
