<?xml version="1.0" encoding="UTF-8"?>
<!-- Generated by org.testng.reporters.JUnitXMLReporter -->
<testsuite hostname="KFT-TECH-18" ignored="0" name="Default test" tests="26" failures="0" timestamp="11 Jun 2019 05:36:33 GMT" time="134.734" errors="0">
  <testcase name="mangmenAgentstLink" time="3.978" classname="TestCases.LinkCheck"/>
  <testcase name="agentListLink" time="2.982" classname="TestCases.LinkCheck"/>
  <testcase name="staffAgentListLink" time="2.719" classname="TestCases.LinkCheck"/>
  <testcase name="registerAgentLink" time="3.332" classname="TestCases.LinkCheck"/>
  <testcase name="manageMerchantsLink" time="3.683" classname="TestCases.LinkCheck"/>
  <testcase name="merchantListLink" time="2.927" classname="TestCases.LinkCheck"/>
  <testcase name="registerMerchantLink" time="2.804" classname="TestCases.LinkCheck"/>
  <testcase name="manageCustomersLink" time="4.638" classname="TestCases.LinkCheck"/>
  <testcase name="listCustomersLink" time="2.654" classname="TestCases.LinkCheck"/>
  <testcase name="registerCustomersLink" time="2.957" classname="TestCases.LinkCheck"/>
  <testcase name="airtimeLink" time="4.552" classname="TestCases.LinkCheck"/>
  <testcase name="startBulkAirtimeLink" time="2.677" classname="TestCases.LinkCheck"/>
  <testcase name="financialSettlementLink" time="4.665" classname="TestCases.LinkCheck"/>
  <testcase name="merchantBillSettlementLink" time="2.714" classname="TestCases.LinkCheck"/>
  <testcase name="agentCommissionTransactionLink" time="2.709" classname="TestCases.LinkCheck"/>
  <testcase name="transactionExceptionsLink" time="2.838" classname="TestCases.LinkCheck"/>
  <testcase name="walletFundsLink" time="4.669" classname="TestCases.LinkCheck"/>
  <testcase name="fundWalletLink" time="2.558" classname="TestCases.LinkCheck"/>
  <testcase name="manageTransactionRuleLink" time="4.665" classname="TestCases.LinkCheck"/>
  <testcase name="listTransactionRuleLink" time="2.984" classname="TestCases.LinkCheck"/>
  <testcase name="registerTransactionRuleLink" time="4.086" classname="TestCases.LinkCheck"/>
  <testcase name="reportsLink" time="4.545" classname="TestCases.LinkCheck"/>
  <testcase name="manageAdminUsersLink" time="4.684" classname="TestCases.LinkCheck"/>
  <testcase name="rolesLink" time="2.867" classname="TestCases.LinkCheck"/>
  <testcase name="usersLink" time="3.877" classname="TestCases.LinkCheck"/>
  <testcase name="changePasswordLink" time="5.228" classname="TestCases.LinkCheck"/>
</testsuite> <!-- Default test -->
